<?xml version="1.0" encoding="UTF-8" ?>
<testsuite errors="0" failures="0" hostname="vcas-digst" name="dk.itst.oiosaml.sp.service.LogoutServiceSOAPHandlerTest" tests="4" time="0.25" timestamp="2013-08-30T08:29:19">
  <properties>
    <property name="file.encoding.pkg" value="sun.io" />
    <property name="ivy.retrieve.pattern.ivy.instance" value="c:\code\softwareborsen\sp\trunk/lib/[artifact]-[revision](-[classifier]).[ext]" />
    <property name="environment.NUMBER_OF_PROCESSORS" value="1" />
    <property name="environment.LOCALAPPDATA" value="C:\Users\cas\AppData\Local" />
    <property name="user.language.format" value="da" />
    <property name="java.vendor.url.ivy.instance" value="http://java.oracle.com/" />
    <property name="ivy.local.default.ivy.pattern.ivy.instance" value="[organisation]/[module]/[revision]/[type]s/[artifact].[ext]" />
    <property name="ivy.project.dir.ivy.instance" value="c:\code\softwareborsen\sp\trunk" />
    <property name="ivy.resolve.default.type.filter" value="*" />
    <property name="java.home" value="C:\Program Files (x86)\Java\jdk1.7.0_25\jre" />
    <property name="ivy.configurations.ivy.instance" value="*" />
    <property name="environment.=C:" value="c:\code\softwareborsen\sp\trunk" />
    <property name="ivy.basedir.ivy.instance" value="c:\code\softwareborsen\sp\trunk" />
    <property name="ivy.dep.file.ivy.instance" value="ivy.xml" />
    <property name="environment.CommonProgramFiles" value="C:\Program Files (x86)\Common Files" />
    <property name="environment.MpConfig_ProductAppDataPath" value="C:\ProgramData\Microsoft\Windows Defender" />
    <property name="environment.PROCESSOR_IDENTIFIER" value="Intel64 Family 6 Model 58 Stepping 9, GenuineIntel" />
    <property name="environment.PROCESSOR_ARCHITECTURE" value="x86" />
    <property name="java.endorsed.dirs" value="lib/endorsed" />
    <property name="java.class.path.ivy.instance" value="C:\Program Files (x86)\Groovy\Groovy-2.1.5\lib\groovy-2.1.5.jar" />
    <property name="environment.OS" value="Windows_NT" />
    <property name="ivy.home" value="C:\Users\cas\.ivy2" />
    <property name="groovy.starter.conf.ivy.instance" value="C:\Program Files (x86)\Groovy\Groovy-2.1.5\conf\groovy-starter.conf" />
    <property name="java.vm.specification.vendor.ivy.instance" value="Oracle Corporation" />
    <property name="sun.os.patch.level" value="Service Pack 1" />
    <property name="ivy.dep.file" value="ivy.xml" />
    <property name="java.vendor.url" value="http://java.oracle.com/" />
    <property name="ivy.local.default.artifact.pattern.ivy.instance" value="[organisation]/[module]/[revision]/[type]s/[artifact].[ext]" />
    <property name="ivy.lib.dir.ivy.instance" value="c:\code\softwareborsen\sp\trunk/lib" />
    <property name="java.version" value="1.7.0_25" />
    <property name="environment.PROMPT" value="$P$G" />
    <property name="ivy.conf.dir.ivy.instance" value="jar:file:/C:/Program%20Files%20(x86)/Groovy/Groovy-2.1.5/lib/ivy-2.2.0.jar!/org/apache/ivy/core/settings" />
    <property name="environment.USERNAME" value="cas" />
    <property name="sun.boot.library.path.ivy.instance" value="C:\Program Files (x86)\Java\jdk1.7.0_25\jre\bin" />
    <property name="ivy.report.output.pattern.ivy.instance" value="[organisation]-[module]-[conf].[ext]" />
    <property name="ivy.module" value="oiosaml.java" />
    <property name="ivy.publish.src.artifacts.pattern.ivy.instance" value="c:\code\softwareborsen\sp\trunk/distrib/[type]s/[artifact]-[revision](-[classifier]).[ext]" />
    <property name="environment.USERDOMAIN" value="vcas-digst" />
    <property name="java.vendor.url.bug" value="http://bugreport.sun.com/bugreport/" />
    <property name="sun.management.compiler.ivy.instance" value="HotSpot Client Compiler" />
    <property name="ivy.local.default.artifact.pattern" value="[organisation]/[module]/[revision]/[type]s/[artifact].[ext]" />
    <property name="os.name.ivy.instance" value="Windows 7" />
    <property name="ivy.default.ivy.user.dir.ivy.instance" value="C:\Users\cas\.ivy2" />
    <property name="ivy.default.always.check.exact.revision" value="false" />
    <property name="ivy.default.settings.dir.ivy.instance" value="jar:file:/C:/Program%20Files%20(x86)/Groovy/Groovy-2.1.5/lib/ivy-2.2.0.jar!/org/apache/ivy/core/settings" />
    <property name="user.name" value="cas" />
    <property name="sun.io.unicode.encoding" value="UnicodeLittle" />
    <property name="ivy.shared.default.root.ivy.instance" value="C:\Users\cas\.ivy2/shared" />
    <property name="sun.jnu.encoding" value="Cp1252" />
    <property name="java.runtime.name" value="Java(TM) SE Runtime Environment" />
    <property name="file.encoding.ivy.instance" value="Cp1252" />
    <property name="user.country.format.ivy.instance" value="DK" />
    <property name="ivy.cache.ttl.default.ivy.instance" value="10s" />
    <property name="java.specification.vendor.ivy.instance" value="Oracle Corporation" />
    <property name="java.vendor.ivy.instance" value="Oracle Corporation" />
    <property name="sun.cpu.isalist.ivy.instance" value="pentium_pro+mmx pentium_pro pentium+mmx pentium i486 i386 i86" />
    <property name="java.specification.name" value="Java Platform API Specification" />
    <property name="user.language.format.ivy.instance" value="da" />
    <property name="user.timezone" value="" />
    <property name="java.endorsed.dirs.ivy.instance" value="C:\Program Files (x86)\Java\jdk1.7.0_25\jre\lib\endorsed" />
    <property name="user.script" value="" />
    <property name="path.separator" value=";" />
    <property name="environment.PROCESSOR_LEVEL" value="6" />
    <property name="script.name" value="build_everything" />
    <property name="java.class.version.ivy.instance" value="51.0" />
    <property name="environment.USERPROFILE" value="C:\Users\cas" />
    <property name="ivy.default.conf.dir" value="jar:file:/C:/Program%20Files%20(x86)/Groovy/Groovy-2.1.5/lib/ivy-2.2.0.jar!/org/apache/ivy/core/settings" />
    <property name="file.encoding" value="Cp1252" />
    <property name="java.runtime.name.ivy.instance" value="Java(TM) SE Runtime Environment" />
    <property name="ivy.resolve.default.type.filter.ivy.instance" value="*" />
    <property name="environment.windows_tracing_flags" value="3" />
    <property name="ivy.targets.copied" value="true" />
    <property name="groovy.home.ivy.instance" value="C:\Program Files (x86)\Groovy\Groovy-2.1.5" />
    <property name="environment.Path" value="C:\Windows\system32;C:\Windows;C:\Windows\System32\Wbem;C:\Windows\System32\WindowsPowerShell\v1.0\;C:\Program Files (x86)\Java\jdk1.7.0_25\bin;%JRE_HOME%\bin;C:\Program Files\TortoiseSVN\bin;C:\Program Files (x86)\Groovy\Groovy-2.1.5\bin" />
    <property name="sun.java.command" value="org.apache.tools.ant.taskdefs.optional.junit.JUnitTestRunner testsfile=c:\code\softwareborsen\sp\trunk\junittestcases7864836850335140727.properties filtertrace=true haltOnError=false haltOnFailure=false formatter=org.apache.tools.ant.taskdefs.optional.junit.SummaryJUnitResultFormatter showoutput=true outputtoformatters=true logfailedtests=true logtestlistenerevents=false formatter=org.apache.tools.ant.taskdefs.optional.junit.PlainJUnitResultFormatter,c:\code\softwareborsen\sp\trunk\target\reports\IGNORETHIS.txt formatter=org.apache.tools.ant.taskdefs.optional.junit.XMLJUnitResultFormatter,c:\code\softwareborsen\sp\trunk\target\reports\IGNORETHIS.xml crashfile=c:\code\softwareborsen\sp\trunk\junitvmwatcher5243496260738255889.properties propsfile=c:\code\softwareborsen\sp\trunk\junit2830502724902771700.properties" />
    <property name="ivy.shared.default.artifact.pattern" value="[organisation]/[module]/[revision]/[type]s/[artifact].[ext]" />
    <property name="ivy.distrib.dir.ivy.instance" value="c:\code\softwareborsen\sp\trunk/distrib" />
    <property name="ivy.checksums.ivy.instance" value="sha1,md5" />
    <property name="environment.PROCESSOR_ARCHITEW6432" value="AMD64" />
    <property name="sun.arch.data.model.ivy.instance" value="32" />
    <property name="ivy.build.artifacts.dir.ivy.instance" value="c:\code\softwareborsen\sp\trunk/build/artifacts" />
    <property name="groovy.home" value="C:\Program Files (x86)\Groovy\Groovy-2.1.5" />
    <property name="user.variant.ivy.instance" value="" />
    <property name="ivy.settings.file" value="ivysettings.xml" />
    <property name="java.io.tmpdir" value="C:\Users\cas\AppData\Local\Temp\" />
    <property name="ivy.buildlist.ivyfilepath.ivy.instance" value="ivy.xml" />
    <property name="ivy.cache.ttl.default" value="10s" />
    <property name="user.language" value="en" />
    <property name="user.dir.ivy.instance" value="c:\code\softwareborsen\sp\trunk" />
    <property name="ivy.home.ivy.instance" value="C:\Users\cas\.ivy2" />
    <property name="line.separator" value="&#xd;&#xa;" />
    <property name="environment.ProgramFiles(x86)" value="C:\Program Files (x86)" />
    <property name="java.specification.version.ivy.instance" value="1.7" />
    <property name="ivy.build.artifacts.dir" value="c:\code\softwareborsen\sp\trunk/build/artifacts" />
    <property name="environment.APPDATA" value="C:\Users\cas\AppData\Roaming" />
    <property name="sun.io.unicode.encoding.ivy.instance" value="UnicodeLittle" />
    <property name="ivy.status" value="integration" />
    <property name="java.vm.info" value="mixed mode" />
    <property name="ivy.lib.dir" value="c:\code\softwareborsen\sp\trunk/lib" />
    <property name="sun.desktop" value="windows" />
    <property name="java.vm.specification.name" value="Java Virtual Machine Specification" />
    <property name="ivy.default.conf.dir.ivy.instance" value="jar:file:/C:/Program%20Files%20(x86)/Groovy/Groovy-2.1.5/lib/ivy-2.2.0.jar!/org/apache/ivy/core/settings" />
    <property name="java.vm.version.ivy.instance" value="23.25-b01" />
    <property name="environment.SystemDrive" value="C:" />
    <property name="environment.MpConfig_ProductUserAppDataPath" value="C:\Users\cas\AppData\Local\Microsoft\Windows Defender" />
    <property name="user.name.ivy.instance" value="cas" />
    <property name="ivy.cache.dir" value="C:\Users\cas\.ivy2\cache" />
    <property name="java.awt.printerjob" value="sun.awt.windows.WPrinterJob" />
    <property name="java.io.tmpdir.ivy.instance" value="C:\Users\cas\AppData\Local\Temp\" />
    <property name="environment.TMP" value="C:\Users\cas\AppData\Local\Temp" />
    <property name="ant.version" value="Apache Ant(TM) version 1.8.4 compiled on May 22 2012" />
    <property name="java.home.ivy.instance" value="C:\Program Files (x86)\Java\jdk1.7.0_25\jre" />
    <property name="tools.jar.ivy.instance" value="C:\Program Files (x86)\Java\jdk1.7.0_25\lib\tools.jar" />
    <property name="java.vm.vendor.ivy.instance" value="Oracle Corporation" />
    <property name="user.country.format" value="DK" />
    <property name="environment.PATHEXT" value=".COM;.EXE;.BAT;.CMD;.VBS;.VBE;.JS;.JSE;.WSF;.WSH;.MSC;.groovy;.gy" />
    <property name="environment.MpConfig_ProductPath" value="C:\Program Files\Windows Defender" />
    <property name="javax.xml.transform.TransformerFactory" value="org.apache.xalan.processor.TransformerFactoryImpl" />
    <property name="user.script.ivy.instance" value="" />
    <property name="ivy.default.settings.dir" value="jar:file:/C:/Program%20Files%20(x86)/Groovy/Groovy-2.1.5/lib/ivy-2.2.0.jar!/org/apache/ivy/core/settings" />
    <property name="ivy.configurations" value="*" />
    <property name="ivy.settings.url" value="jar:file:/C:/Program%20Files%20(x86)/Groovy/Groovy-2.1.5/lib/ivy-2.2.0.jar!/org/apache/ivy/core/settings/ivysettings.xml" />
    <property name="os.name" value="Windows 7" />
    <property name="java.specification.vendor" value="Oracle Corporation" />
    <property name="sun.jnu.encoding.ivy.instance" value="Cp1252" />
    <property name="ivy.deliver.ivy.pattern.ivy.instance" value="c:\code\softwareborsen\sp\trunk/distrib/[type]s/[artifact]-[revision](-[classifier]).[ext]" />
    <property name="ivy.checksums" value="" />
    <property name="java.vm.name" value="Java HotSpot(TM) Client VM" />
    <property name="environment.windir" value="C:\Windows" />
    <property name="ivy.log.modules.in.use" value="false" />
    <property name="environment.LOGONSERVER" value="\\VCAS-DIGST" />
    <property name="java.runtime.version.ivy.instance" value="1.7.0_25-b17" />
    <property name="ivy.report.output.pattern" value="[organisation]-[module]-[conf].[ext]" />
    <property name="ivy.version" value="2.2.0" />
    <property name="java.library.path" value="C:\Program Files (x86)\Java\jdk1.7.0_25\jre\bin;C:\Windows\Sun\Java\bin;C:\Windows\system32;C:\Windows;C:\Windows\system32;C:\Windows;C:\Windows\System32\Wbem;C:\Windows\System32\WindowsPowerShell\v1.0\;C:\Program Files (x86)\Java\jdk1.7.0_25\bin;%JRE_HOME%\bin;C:\Program Files\TortoiseSVN\bin;C:\Program Files (x86)\Groovy\Groovy-2.1.5\bin;." />
    <property name="ivy.conf.url" value="jar:file:/C:/Program%20Files%20(x86)/Groovy/Groovy-2.1.5/lib/ivy-2.2.0.jar!/org/apache/ivy/core/settings/ivysettings.xml" />
    <property name="java.vm.name.ivy.instance" value="Java HotSpot(TM) Client VM" />
    <property name="environment.ALLUSERSPROFILE" value="C:\ProgramData" />
    <property name="os.version.ivy.instance" value="6.1" />
    <property name="line.separator.ivy.instance" value="&#xd;&#xa;" />
    <property name="ant.java.version" value="1.7" />
    <property name="sun.desktop.ivy.instance" value="windows" />
    <property name="sun.cpu.endian.ivy.instance" value="little" />
    <property name="java.vm.specification.name.ivy.instance" value="Java Virtual Machine Specification" />
    <property name="basedir" value="c:\code\softwareborsen\sp\trunk" />
    <property name="java.class.version" value="51.0" />
    <property name="ivy.settings.url.ivy.instance" value="jar:file:/C:/Program%20Files%20(x86)/Groovy/Groovy-2.1.5/lib/ivy-2.2.0.jar!/org/apache/ivy/core/settings/ivysettings.xml" />
    <property name="sun.boot.class.path.ivy.instance" value="C:\Program Files (x86)\Java\jdk1.7.0_25\jre\lib\resources.jar;C:\Program Files (x86)\Java\jdk1.7.0_25\jre\lib\rt.jar;C:\Program Files (x86)\Java\jdk1.7.0_25\jre\lib\sunrsasign.jar;C:\Program Files (x86)\Java\jdk1.7.0_25\jre\lib\jsse.jar;C:\Program Files (x86)\Java\jdk1.7.0_25\jre\lib\jce.jar;C:\Program Files (x86)\Java\jdk1.7.0_25\jre\lib\charsets.jar;C:\Program Files (x86)\Java\jdk1.7.0_25\jre\lib\jfr.jar;C:\Program Files (x86)\Java\jdk1.7.0_25\jre\classes" />
    <property name="environment.PUBLIC" value="C:\Users\Public" />
    <property name="path.separator.ivy.instance" value=";" />
    <property name="environment.ProgramW6432" value="C:\Program Files" />
    <property name="ivy.resolved.configurations" value="test" />
    <property name="environment.TEMP" value="C:\Users\cas\AppData\Local\Temp" />
    <property name="javax.xml.validation.SchemaFactory" value="org.apache.xerces.jaxp.validation.XMLSchemaFactory" />
    <property name="net.sourceforge.cobertura.datafile" value="target/cobertura.ser" />
    <property name="ivy.deliver.ivy.pattern" value="c:\code\softwareborsen\sp\trunk/distrib/[type]s/[artifact]-[revision](-[classifier]).[ext]" />
    <property name="sun.boot.library.path" value="C:\Program Files (x86)\Java\jdk1.7.0_25\jre\bin" />
    <property name="environment.ProgramData" value="C:\ProgramData" />
    <property name="ivy.default.always.check.exact.revision.ivy.instance" value="false" />
    <property name="java.library.path.ivy.instance" value="C:\Program Files (x86)\Groovy\Groovy-2.1.5\bin;C:\Windows\Sun\Java\bin;C:\Windows\system32;C:\Windows;C:\Windows\system32;C:\Windows;C:\Windows\System32\Wbem;C:\Windows\System32\WindowsPowerShell\v1.0\;C:\Program Files (x86)\Java\jdk1.7.0_25\bin;%JRE_HOME%\bin;C:\Program Files\TortoiseSVN\bin;C:\Program Files (x86)\Groovy\Groovy-2.1.5\bin;." />
    <property name="awt.toolkit.ivy.instance" value="sun.awt.windows.WToolkit" />
    <property name="sun.management.compiler" value="HotSpot Client Compiler" />
    <property name="ivy.basedir" value="c:\code\softwareborsen\sp\trunk" />
    <property name="user.variant" value="" />
    <property name="java.awt.graphicsenv" value="sun.awt.Win32GraphicsEnvironment" />
    <property name="java.ext.dirs.ivy.instance" value="C:\Program Files (x86)\Java\jdk1.7.0_25\jre\lib\ext;C:\Windows\Sun\Java\lib\ext" />
    <property name="environment.HOMEDRIVE" value="C:" />
    <property name="ivy.log.modules.in.use.ivy.instance" value="false" />
    <property name="sun.os.patch.level.ivy.instance" value="Service Pack 1" />
    <property name="file.encoding.pkg.ivy.instance" value="sun.io" />
    <property name="ivy.shared.default.ivy.pattern" value="[organisation]/[module]/[revision]/[type]s/[artifact].[ext]" />
    <property name="ivy.resolver.default.check.modified" value="false" />
    <property name="ivy.settings.file.ivy.instance" value="ivysettings.xml" />
    <property name="ivy.nb.targets.copied" value="44" />
    <property name="environment.ProgramFiles" value="C:\Program Files (x86)" />
    <property name="ivy.cache.dir.ivy.instance" value="C:\Users\cas\.ivy2\cache" />
    <property name="java.vm.specification.version" value="1.7" />
    <property name="ivy.status.ivy.instance" value="integration" />
    <property name="environment.JAVA_HOME" value="C:\Program Files (x86)\Java\jdk1.7.0_25" />
    <property name="awt.toolkit" value="sun.awt.windows.WToolkit" />
    <property name="sun.cpu.isalist" value="pentium_pro+mmx pentium_pro pentium+mmx pentium i486 i386 i86" />
    <property name="file.separator.ivy.instance" value="\" />
    <property name="ivy.deps.changed" value="false" />
    <property name="java.ext.dirs" value="C:\Program Files (x86)\Java\jdk1.7.0_25\jre\lib\ext;C:\Windows\Sun\Java\lib\ext" />
    <property name="ivy.local.default.root.ivy.instance" value="C:\Users\cas\.ivy2/local" />
    <property name="os.version" value="6.1" />
    <property name="user.home" value="C:\Users\cas" />
    <property name="javax.xml.parsers.DocumentBuilderFactory" value="org.apache.xerces.jaxp.DocumentBuilderFactoryImpl" />
    <property name="java.vm.vendor" value="Oracle Corporation" />
    <property name="ivy.local.default.root" value="C:\Users\cas\.ivy2/local" />
    <property name="ivy.organisation" value="dk.itst.oiosaml" />
    <property name="environment.CommonProgramFiles(x86)" value="C:\Program Files (x86)\Common Files" />
    <property name="environment.=::" value="::\" />
    <property name="user.dir" value="c:\code\softwareborsen\sp\trunk" />
    <property name="environment.FP_NO_HOST_CHECK" value="NO" />
    <property name="ivy.local.default.ivy.pattern" value="[organisation]/[module]/[revision]/[type]s/[artifact].[ext]" />
    <property name="ivy.shared.default.ivy.pattern.ivy.instance" value="[organisation]/[module]/[revision]/[type]s/[artifact].[ext]" />
    <property name="script.name.ivy.instance" value="build_everything" />
    <property name="ivy.publish.src.artifacts.pattern" value="c:\code\softwareborsen\sp\trunk/distrib/[type]s/[artifact]-[revision](-[classifier]).[ext]" />
    <property name="java.vm.info.ivy.instance" value="mixed mode, sharing" />
    <property name="ivy.distrib.dir" value="c:\code\softwareborsen\sp\trunk/distrib" />
    <property name="sun.cpu.endian" value="little" />
    <property name="ivy.revision" value="working@vcas-digst" />
    <property name="user.timezone.ivy.instance" value="Europe/Paris" />
    <property name="environment.PROCESSOR_REVISION" value="3a09" />
    <property name="environment.GROOVY_HOME" value="C:\Program Files (x86)\Groovy\Groovy-2.1.5" />
    <property name="java.vm.version" value="23.25-b01" />
    <property name="java.class.path" value="c:\code\softwareborsen\sp\trunk\target\instrumented;c:\code\softwareborsen\sp\trunk\lib\build\commons-codec-commons-codec.jar;c:\code\softwareborsen\sp\trunk\lib\build\commons-collections-commons-collections.jar;c:\code\softwareborsen\sp\trunk\lib\build\commons-configuration-commons-configuration.jar;c:\code\softwareborsen\sp\trunk\lib\build\commons-digester-commons-digester.jar;c:\code\softwareborsen\sp\trunk\lib\build\commons-fileupload-commons-fileupload.jar;c:\code\softwareborsen\sp\trunk\lib\build\commons-httpclient-commons-httpclient.jar;c:\code\softwareborsen\sp\trunk\lib\build\commons-io-commons-io.jar;c:\code\softwareborsen\sp\trunk\lib\build\commons-lang-commons-lang.jar;c:\code\softwareborsen\sp\trunk\lib\build\commons-logging-commons-logging.jar;c:\code\softwareborsen\sp\trunk\lib\build\javax.servlet-servlet-api.jar;c:\code\softwareborsen\sp\trunk\lib\build\joda-time-joda-time.jar;c:\code\softwareborsen\sp\trunk\lib\build\log4j-log4j.jar;c:\code\softwareborsen\sp\trunk\lib\build\org.apache.santuario-xmlsec.jar;c:\code\softwareborsen\sp\trunk\lib\build\org.apache.velocity-velocity.jar;c:\code\softwareborsen\sp\trunk\lib\build\org.bouncycastle-bcprov-jdk15.jar;c:\code\softwareborsen\sp\trunk\lib\build\org.slf4j-slf4j-api.jar;c:\code\softwareborsen\sp\trunk\lib\build\org.slf4j-slf4j-log4j12.jar;c:\code\softwareborsen\sp\trunk\lib\build\xalan-serializer.jar;c:\code\softwareborsen\sp\trunk\lib\build\xalan-xalan.jar;c:\code\softwareborsen\sp\trunk\lib\build\xerces-xercesImpl.jar;c:\code\softwareborsen\sp\trunk\lib\build\xml-resolver-xml-resolver.jar;c:\code\softwareborsen\sp\trunk\lib\endorsed\xalan-2.7.1-serializer.jar;c:\code\softwareborsen\sp\trunk\lib\endorsed\xalan-2.7.1.jar;c:\code\softwareborsen\sp\trunk\lib\endorsed\xerces-2.9.1-xercesImpl.jar;c:\code\softwareborsen\sp\trunk\lib\endorsed\xerces-2.9.1-xml-apis.jar;c:\code\softwareborsen\sp\trunk\lib\esapi-2.0GA.jar;c:\code\softwareborsen\sp\trunk\lib\log4j-1.2.17.jar;c:\code\softwareborsen\sp\trunk\lib\not-yet-commons-ssl-0.3.9.jar;c:\code\softwareborsen\sp\trunk\lib\opensaml-2.5.1.jar;c:\code\softwareborsen\sp\trunk\lib\openws-1.4.2.jar;c:\code\softwareborsen\sp\trunk\lib\test\asm-asm-tree.jar;c:\code\softwareborsen\sp\trunk\lib\test\asm-asm.jar;c:\code\softwareborsen\sp\trunk\lib\test\commons-codec-commons-codec.jar;c:\code\softwareborsen\sp\trunk\lib\test\commons-collections-commons-collections.jar;c:\code\softwareborsen\sp\trunk\lib\test\commons-configuration-commons-configuration.jar;c:\code\softwareborsen\sp\trunk\lib\test\commons-digester-commons-digester.jar;c:\code\softwareborsen\sp\trunk\lib\test\commons-fileupload-commons-fileupload.jar;c:\code\softwareborsen\sp\trunk\lib\test\commons-httpclient-commons-httpclient.jar;c:\code\softwareborsen\sp\trunk\lib\test\commons-io-commons-io.jar;c:\code\softwareborsen\sp\trunk\lib\test\commons-lang-commons-lang.jar;c:\code\softwareborsen\sp\trunk\lib\test\commons-logging-commons-logging.jar;c:\code\softwareborsen\sp\trunk\lib\test\javax.servlet-servlet-api.jar;c:\code\softwareborsen\sp\trunk\lib\test\javax.servlet.jsp-jsp-api.jar;c:\code\softwareborsen\sp\trunk\lib\test\joda-time-joda-time.jar;c:\code\softwareborsen\sp\trunk\lib\test\junit-junit-dep.jar;c:\code\softwareborsen\sp\trunk\lib\test\junit-junit.jar;c:\code\softwareborsen\sp\trunk\lib\test\log4j-log4j.jar;c:\code\softwareborsen\sp\trunk\lib\test\net.sourceforge.cobertura-cobertura.jar;c:\code\softwareborsen\sp\trunk\lib\test\net.sourceforge.cssparser-cssparser.jar;c:\code\softwareborsen\sp\trunk\lib\test\net.sourceforge.htmlunit-htmlunit-core-js.jar;c:\code\softwareborsen\sp\trunk\lib\test\net.sourceforge.htmlunit-htmlunit.jar;c:\code\softwareborsen\sp\trunk\lib\test\net.sourceforge.nekohtml-nekohtml.jar;c:\code\softwareborsen\sp\trunk\lib\test\org.apache.santuario-xmlsec.jar;c:\code\softwareborsen\sp\trunk\lib\test\org.apache.velocity-velocity.jar;c:\code\softwareborsen\sp\trunk\lib\test\org.bouncycastle-bcprov-jdk15.jar;c:\code\softwareborsen\sp\trunk\lib\test\org.eclipse.jdt-core.jar;c:\code\softwareborsen\sp\trunk\lib\test\org.hamcrest-hamcrest-core.jar;c:\code\softwareborsen\sp\trunk\lib\test\org.hamcrest-hamcrest-library.jar;c:\code\softwareborsen\sp\trunk\lib\test\org.jmock-jmock-junit4.jar;c:\code\softwareborsen\sp\trunk\lib\test\org.jmock-jmock.jar;c:\code\softwareborsen\sp\trunk\lib\test\org.mortbay.jetty-jetty-embedded.jar;c:\code\softwareborsen\sp\trunk\lib\test\org.mortbay.jetty-jetty-util.jar;c:\code\softwareborsen\sp\trunk\lib\test\org.mortbay.jetty-jetty.jar;c:\code\softwareborsen\sp\trunk\lib\test\org.mortbay.jetty-jsp-2.1.jar;c:\code\softwareborsen\sp\trunk\lib\test\org.mortbay.jetty-jsp-api-2.1.jar;c:\code\softwareborsen\sp\trunk\lib\test\org.mortbay.jetty-servlet-api-2.5.jar;c:\code\softwareborsen\sp\trunk\lib\test\org.slf4j-slf4j-api.jar;c:\code\softwareborsen\sp\trunk\lib\test\org.slf4j-slf4j-log4j12.jar;c:\code\softwareborsen\sp\trunk\lib\test\org.w3c.css-sac.jar;c:\code\softwareborsen\sp\trunk\lib\test\oro-oro.jar;c:\code\softwareborsen\sp\trunk\lib\test\xalan-serializer.jar;c:\code\softwareborsen\sp\trunk\lib\test\xalan-xalan.jar;c:\code\softwareborsen\sp\trunk\lib\test\xerces-xercesImpl.jar;c:\code\softwareborsen\sp\trunk\lib\test\xml-resolver-xml-resolver.jar;c:\code\softwareborsen\sp\trunk\lib\xmltooling-1.3.2.jar;c:\code\softwareborsen\sp\trunk\target\build;c:\code\softwareborsen\sp\trunk\target\test;C:\Program Files (x86)\Groovy\Groovy-2.1.5\lib\junit-4.11.jar;C:\Program Files (x86)\Groovy\Groovy-2.1.5\lib\ant-launcher-1.8.4.jar;C:\Program Files (x86)\Groovy\Groovy-2.1.5\lib\ant-1.8.4.jar;C:\Program Files (x86)\Groovy\Groovy-2.1.5\lib\ant-junit-1.8.4.jar" />
    <property name="ivy.default.ivy.user.dir" value="C:\Users\cas\.ivy2" />
    <property name="user.home.ivy.instance" value="C:\Users\cas" />
    <property name="basedir.ivy.instance" value="c:\code\softwareborsen\sp\trunk" />
    <property name="os.arch" value="x86" />
    <property name="environment.MpConfig_ProductCodeName" value="AntiSpyware" />
    <property name="java.awt.graphicsenv.ivy.instance" value="sun.awt.Win32GraphicsEnvironment" />
    <property name="java.vendor.url.bug.ivy.instance" value="http://bugreport.sun.com/bugreport/" />
    <property name="environment.MpConfig_ReportingGUID" value="388F09AA-967B-40C0-BC70-DFA219D0382C" />
    <property name="java.vm.specification.version.ivy.instance" value="1.7" />
    <property name="sun.java.launcher" value="SUN_STANDARD" />
    <property name="environment.HOMEPATH" value="\Users\cas" />
    <property name="environment.windows_tracing_logfile" value="C:\BVTBin\Tests\installpackage\csilogfile.log" />
    <property name="java.awt.printerjob.ivy.instance" value="sun.awt.windows.WPrinterJob" />
    <property name="groovy.starter.conf" value="C:\Program Files (x86)\Groovy\Groovy-2.1.5\conf\groovy-starter.conf" />
    <property name="ivy.settings.dir.ivy.instance" value="jar:file:/C:/Program%20Files%20(x86)/Groovy/Groovy-2.1.5/lib/ivy-2.2.0.jar!/org/apache/ivy/core/settings" />
    <property name="ant.core.lib" value="C:\Program Files (x86)\Groovy\Groovy-2.1.5\lib\ant-1.8.4.jar" />
    <property name="ivy.resolver.default.check.modified.ivy.instance" value="false" />
    <property name="ivy.settings.dir" value="jar:file:/C:/Program%20Files%20(x86)/Groovy/Groovy-2.1.5/lib/ivy-2.2.0.jar!/org/apache/ivy/core/settings" />
    <property name="java.vm.specification.vendor" value="Oracle Corporation" />
    <property name="environment.PSModulePath" value="C:\Windows\system32\WindowsPowerShell\v1.0\Modules\" />
    <property name="file.separator" value="\" />
    <property name="user.language.ivy.instance" value="en" />
    <property name="user.country.ivy.instance" value="US" />
    <property name="ivy.shared.default.artifact.pattern.ivy.instance" value="[organisation]/[module]/[revision]/[type]s/[artifact].[ext]" />
    <property name="ivy.conf.url.ivy.instance" value="jar:file:/C:/Program%20Files%20(x86)/Groovy/Groovy-2.1.5/lib/ivy-2.2.0.jar!/org/apache/ivy/core/settings/ivysettings.xml" />
    <property name="java.runtime.version" value="1.7.0_25-b17" />
    <property name="java.specification.name.ivy.instance" value="Java Platform API Specification" />
    <property name="sun.boot.class.path" value="lib/endorsed\xalan-2.7.1-serializer.jar;lib/endorsed\xalan-2.7.1.jar;lib/endorsed\xerces-2.9.1-xercesImpl.jar;lib/endorsed\xerces-2.9.1-xml-apis.jar;C:\Program Files (x86)\Java\jdk1.7.0_25\jre\lib\resources.jar;C:\Program Files (x86)\Java\jdk1.7.0_25\jre\lib\rt.jar;C:\Program Files (x86)\Java\jdk1.7.0_25\jre\lib\sunrsasign.jar;C:\Program Files (x86)\Java\jdk1.7.0_25\jre\lib\jsse.jar;C:\Program Files (x86)\Java\jdk1.7.0_25\jre\lib\jce.jar;C:\Program Files (x86)\Java\jdk1.7.0_25\jre\lib\charsets.jar;C:\Program Files (x86)\Java\jdk1.7.0_25\jre\lib\jfr.jar;C:\Program Files (x86)\Java\jdk1.7.0_25\jre\classes" />
    <property name="ivy.conf.dir" value="jar:file:/C:/Program%20Files%20(x86)/Groovy/Groovy-2.1.5/lib/ivy-2.2.0.jar!/org/apache/ivy/core/settings" />
    <property name="environment.SystemRoot" value="C:\Windows" />
    <property name="ivy.retrieve.pattern" value="c:\code\softwareborsen\sp\trunk/lib/[artifact]-[revision](-[classifier]).[ext]" />
    <property name="environment.COMPUTERNAME" value="VCAS-DIGST" />
    <property name="user.country" value="US" />
    <property name="ivy.shared.default.root" value="C:\Users\cas\.ivy2/shared" />
    <property name="java.version.ivy.instance" value="1.7.0_25" />
    <property name="environment.CommonProgramW6432" value="C:\Program Files\Common Files" />
    <property name="ivy.resolved.file" value="c:\code\softwareborsen\sp\trunk\ivy.xml" />
    <property name="environment.=ExitCode" value="00000000" />
    <property name="tools.jar" value="C:\Program Files (x86)\Java\jdk1.7.0_25\lib\tools.jar" />
    <property name="environment.SESSIONNAME" value="Console" />
    <property name="os.arch.ivy.instance" value="x86" />
    <property name="java.vendor" value="Oracle Corporation" />
    <property name="environment.ANT_HOME" value="C:\Utils\apache-ant" />
    <property name="environment.ComSpec" value="C:\Windows\system32\cmd.exe" />
    <property name="ivy.project.dir" value="c:\code\softwareborsen\sp\trunk" />
    <property name="java.specification.version" value="1.7" />
    <property name="ivy.buildlist.ivyfilepath" value="ivy.xml" />
    <property name="sun.arch.data.model" value="32" />
  </properties>
  <testcase classname="dk.itst.oiosaml.sp.service.LogoutServiceSOAPHandlerTest" name="failWhenBodyIsNotSoap" time="0.031" />
  <testcase classname="dk.itst.oiosaml.sp.service.LogoutServiceSOAPHandlerTest" name="testSoapRequestWithSignature" time="0.031" />
  <testcase classname="dk.itst.oiosaml.sp.service.LogoutServiceSOAPHandlerTest" name="testWsdl" time="0.078" />
  <testcase classname="dk.itst.oiosaml.sp.service.LogoutServiceSOAPHandlerTest" name="testSoapRequest" time="0.047" />
  <system-out><![CDATA[]]></system-out>
  <system-err><![CDATA[[Fatal Error] :1:1: Content is not allowed in prolog.
]]></system-err>
</testsuite>
