<?xml version="1.0" encoding="UTF-8" ?>
<testsuite errors="0" failures="0" hostname="OIOJAVATEST01" name="dk.itst.oiosaml.sp.model.OIOResponseTest" tests="19" time="1.232" timestamp="2013-09-03T11:56:28">
  <properties>
    <property name="file.encoding.pkg" value="sun.io" />
    <property name="ivy.retrieve.pattern.ivy.instance" value="c:\code\trunk/lib/[artifact]-[revision](-[classifier]).[ext]" />
    <property name="environment.NUMBER_OF_PROCESSORS" value="1" />
    <property name="environment.LOCALAPPDATA" value="C:\Users\Administrator.OIOJAVATEST01\AppData\Local" />
    <property name="user.language.format" value="da" />
    <property name="java.vendor.url.ivy.instance" value="http://java.oracle.com/" />
    <property name="ivy.local.default.ivy.pattern.ivy.instance" value="[organisation]/[module]/[revision]/[type]s/[artifact].[ext]" />
    <property name="ivy.project.dir.ivy.instance" value="c:\code\trunk" />
    <property name="ivy.resolve.default.type.filter" value="*" />
    <property name="java.home" value="C:\Java\jdk1.7.0_25\jre" />
    <property name="ivy.configurations.ivy.instance" value="*" />
    <property name="environment.=C:" value="c:\code\trunk" />
    <property name="ivy.basedir.ivy.instance" value="c:\code\trunk" />
    <property name="ivy.dep.file.ivy.instance" value="ivy.xml" />
    <property name="environment.CommonProgramFiles" value="C:\Program Files\Common Files" />
    <property name="environment.PROCESSOR_IDENTIFIER" value="Intel64 Family 6 Model 44 Stepping 2, GenuineIntel" />
    <property name="environment.PROCESSOR_ARCHITECTURE" value="AMD64" />
    <property name="java.endorsed.dirs" value="lib/endorsed" />
    <property name="java.class.path.ivy.instance" value="C:\Program Files (x86)\Groovy\Groovy-2.1.6\lib\groovy-2.1.6.jar" />
    <property name="environment.OS" value="Windows_NT" />
    <property name="ivy.home" value="C:\Users\Administrator.OIOJAVATEST01\.ivy2" />
    <property name="groovy.starter.conf.ivy.instance" value="C:\Program Files (x86)\Groovy\Groovy-2.1.6\conf\groovy-starter.conf" />
    <property name="java.vm.specification.vendor.ivy.instance" value="Oracle Corporation" />
    <property name="sun.os.patch.level" value="Service Pack 1" />
    <property name="ivy.dep.file" value="ivy.xml" />
    <property name="java.vendor.url" value="http://java.oracle.com/" />
    <property name="ivy.local.default.artifact.pattern.ivy.instance" value="[organisation]/[module]/[revision]/[type]s/[artifact].[ext]" />
    <property name="ivy.lib.dir.ivy.instance" value="c:\code\trunk/lib" />
    <property name="java.version" value="1.7.0_25" />
    <property name="environment.PROMPT" value="$P$G" />
    <property name="ivy.conf.dir.ivy.instance" value="jar:file:/C:/Program%20Files%20(x86)/Groovy/Groovy-2.1.6/lib/ivy-2.2.0.jar!/org/apache/ivy/core/settings" />
    <property name="environment.USERNAME" value="Administrator" />
    <property name="sun.boot.library.path.ivy.instance" value="C:\Java\jdk1.7.0_25\jre\bin" />
    <property name="ivy.report.output.pattern.ivy.instance" value="[organisation]-[module]-[conf].[ext]" />
    <property name="ivy.module" value="oiosaml.java" />
    <property name="ivy.publish.src.artifacts.pattern.ivy.instance" value="c:\code\trunk/distrib/[type]s/[artifact]-[revision](-[classifier]).[ext]" />
    <property name="environment.USERDOMAIN" value="OIOJAVATEST01" />
    <property name="java.vendor.url.bug" value="http://bugreport.sun.com/bugreport/" />
    <property name="sun.management.compiler.ivy.instance" value="HotSpot 64-Bit Tiered Compilers" />
    <property name="ivy.local.default.artifact.pattern" value="[organisation]/[module]/[revision]/[type]s/[artifact].[ext]" />
    <property name="os.name.ivy.instance" value="Windows Server 2008 R2" />
    <property name="ivy.default.ivy.user.dir.ivy.instance" value="C:\Users\Administrator.OIOJAVATEST01\.ivy2" />
    <property name="ivy.default.always.check.exact.revision" value="false" />
    <property name="ivy.default.settings.dir.ivy.instance" value="jar:file:/C:/Program%20Files%20(x86)/Groovy/Groovy-2.1.6/lib/ivy-2.2.0.jar!/org/apache/ivy/core/settings" />
    <property name="user.name" value="Administrator" />
    <property name="sun.io.unicode.encoding" value="UnicodeLittle" />
    <property name="ivy.shared.default.root.ivy.instance" value="C:\Users\Administrator.OIOJAVATEST01\.ivy2/shared" />
    <property name="sun.jnu.encoding" value="Cp1252" />
    <property name="java.runtime.name" value="Java(TM) SE Runtime Environment" />
    <property name="file.encoding.ivy.instance" value="Cp1252" />
    <property name="user.country.format.ivy.instance" value="DK" />
    <property name="ivy.cache.ttl.default.ivy.instance" value="10s" />
    <property name="java.specification.vendor.ivy.instance" value="Oracle Corporation" />
    <property name="java.vendor.ivy.instance" value="Oracle Corporation" />
    <property name="sun.cpu.isalist.ivy.instance" value="amd64" />
    <property name="java.specification.name" value="Java Platform API Specification" />
    <property name="user.language.format.ivy.instance" value="da" />
    <property name="user.timezone" value="" />
    <property name="java.endorsed.dirs.ivy.instance" value="C:\Java\jdk1.7.0_25\jre\lib\endorsed" />
    <property name="user.script" value="" />
    <property name="path.separator" value=";" />
    <property name="environment.PROCESSOR_LEVEL" value="6" />
    <property name="script.name" value="build_everything" />
    <property name="java.class.version.ivy.instance" value="51.0" />
    <property name="environment.USERPROFILE" value="C:\Users\Administrator.OIOJAVATEST01" />
    <property name="ivy.default.conf.dir" value="jar:file:/C:/Program%20Files%20(x86)/Groovy/Groovy-2.1.6/lib/ivy-2.2.0.jar!/org/apache/ivy/core/settings" />
    <property name="file.encoding" value="Cp1252" />
    <property name="java.runtime.name.ivy.instance" value="Java(TM) SE Runtime Environment" />
    <property name="ivy.resolve.default.type.filter.ivy.instance" value="*" />
    <property name="environment.windows_tracing_flags" value="3" />
    <property name="ivy.targets.copied" value="true" />
    <property name="groovy.home.ivy.instance" value="C:\Program Files (x86)\Groovy\Groovy-2.1.6" />
    <property name="environment.Path" value="C:\Windows\system32;C:\Windows;C:\Windows\System32\Wbem;C:\Windows\System32\WindowsPowerShell\v1.0\;C:\utils\gant-1.9.9\bin;C:\utils\svn-win32-1.8.1\bin;C:\Program Files (x86)\Groovy\Groovy-2.1.6\bin" />
    <property name="sun.java.command" value="org.apache.tools.ant.taskdefs.optional.junit.JUnitTestRunner testsfile=c:\code\trunk\junittestcases5750599750383427300.properties filtertrace=true haltOnError=false haltOnFailure=false formatter=org.apache.tools.ant.taskdefs.optional.junit.SummaryJUnitResultFormatter showoutput=true outputtoformatters=true logfailedtests=true logtestlistenerevents=false formatter=org.apache.tools.ant.taskdefs.optional.junit.PlainJUnitResultFormatter,c:\code\trunk\target\reports\IGNORETHIS.txt formatter=org.apache.tools.ant.taskdefs.optional.junit.XMLJUnitResultFormatter,c:\code\trunk\target\reports\IGNORETHIS.xml crashfile=c:\code\trunk\junitvmwatcher3200542600265975597.properties propsfile=c:\code\trunk\junit5679408299081749512.properties" />
    <property name="ivy.shared.default.artifact.pattern" value="[organisation]/[module]/[revision]/[type]s/[artifact].[ext]" />
    <property name="ivy.distrib.dir.ivy.instance" value="c:\code\trunk/distrib" />
    <property name="ivy.checksums.ivy.instance" value="sha1,md5" />
    <property name="sun.arch.data.model.ivy.instance" value="64" />
    <property name="ivy.build.artifacts.dir.ivy.instance" value="c:\code\trunk/build/artifacts" />
    <property name="groovy.home" value="C:\Program Files (x86)\Groovy\Groovy-2.1.6" />
    <property name="user.variant.ivy.instance" value="" />
    <property name="ivy.settings.file" value="ivysettings.xml" />
    <property name="java.io.tmpdir" value="C:\Users\ADMINI~1.OIO\AppData\Local\Temp\2\" />
    <property name="ivy.buildlist.ivyfilepath.ivy.instance" value="ivy.xml" />
    <property name="ivy.cache.ttl.default" value="10s" />
    <property name="user.language" value="en" />
    <property name="user.dir.ivy.instance" value="c:\code\trunk" />
    <property name="ivy.home.ivy.instance" value="C:\Users\Administrator.OIOJAVATEST01\.ivy2" />
    <property name="line.separator" value="&#xd;&#xa;" />
    <property name="environment.ProgramFiles(x86)" value="C:\Program Files (x86)" />
    <property name="java.specification.version.ivy.instance" value="1.7" />
    <property name="ivy.build.artifacts.dir" value="c:\code\trunk/build/artifacts" />
    <property name="environment.APPDATA" value="C:\Users\Administrator.OIOJAVATEST01\AppData\Roaming" />
    <property name="sun.io.unicode.encoding.ivy.instance" value="UnicodeLittle" />
    <property name="ivy.status" value="integration" />
    <property name="java.vm.info" value="mixed mode" />
    <property name="ivy.lib.dir" value="c:\code\trunk/lib" />
    <property name="sun.desktop" value="windows" />
    <property name="java.vm.specification.name" value="Java Virtual Machine Specification" />
    <property name="ivy.default.conf.dir.ivy.instance" value="jar:file:/C:/Program%20Files%20(x86)/Groovy/Groovy-2.1.6/lib/ivy-2.2.0.jar!/org/apache/ivy/core/settings" />
    <property name="java.vm.version.ivy.instance" value="23.25-b01" />
    <property name="environment.SystemDrive" value="C:" />
    <property name="user.name.ivy.instance" value="Administrator" />
    <property name="ivy.cache.dir" value="C:\Users\Administrator.OIOJAVATEST01\.ivy2\cache" />
    <property name="java.awt.printerjob" value="sun.awt.windows.WPrinterJob" />
    <property name="java.io.tmpdir.ivy.instance" value="C:\Users\ADMINI~1.OIO\AppData\Local\Temp\2\" />
    <property name="environment.TMP" value="C:\Users\ADMINI~1.OIO\AppData\Local\Temp\2" />
    <property name="ant.version" value="Apache Ant(TM) version 1.8.4 compiled on May 22 2012" />
    <property name="java.home.ivy.instance" value="C:\Java\jdk1.7.0_25\jre" />
    <property name="tools.jar.ivy.instance" value="C:\Java\jdk1.7.0_25\lib\tools.jar" />
    <property name="java.vm.vendor.ivy.instance" value="Oracle Corporation" />
    <property name="user.country.format" value="DK" />
    <property name="environment.PATHEXT" value=".COM;.EXE;.BAT;.CMD;.VBS;.VBE;.JS;.JSE;.WSF;.WSH;.MSC;.groovy;.gy" />
    <property name="javax.xml.transform.TransformerFactory" value="org.apache.xalan.processor.TransformerFactoryImpl" />
    <property name="user.script.ivy.instance" value="" />
    <property name="ivy.default.settings.dir" value="jar:file:/C:/Program%20Files%20(x86)/Groovy/Groovy-2.1.6/lib/ivy-2.2.0.jar!/org/apache/ivy/core/settings" />
    <property name="ivy.configurations" value="*" />
    <property name="ivy.settings.url" value="jar:file:/C:/Program%20Files%20(x86)/Groovy/Groovy-2.1.6/lib/ivy-2.2.0.jar!/org/apache/ivy/core/settings/ivysettings.xml" />
    <property name="os.name" value="Windows Server 2008 R2" />
    <property name="java.specification.vendor" value="Oracle Corporation" />
    <property name="sun.jnu.encoding.ivy.instance" value="Cp1252" />
    <property name="ivy.deliver.ivy.pattern.ivy.instance" value="c:\code\trunk/distrib/[type]s/[artifact]-[revision](-[classifier]).[ext]" />
    <property name="ivy.checksums" value="" />
    <property name="java.vm.name" value="Java HotSpot(TM) 64-Bit Server VM" />
    <property name="environment.windir" value="C:\Windows" />
    <property name="ivy.log.modules.in.use" value="false" />
    <property name="environment.LOGONSERVER" value="\\OIOJAVATEST01" />
    <property name="java.runtime.version.ivy.instance" value="1.7.0_25-b17" />
    <property name="ivy.report.output.pattern" value="[organisation]-[module]-[conf].[ext]" />
    <property name="ivy.version" value="2.2.0" />
    <property name="java.library.path" value="C:\Java\jdk1.7.0_25\jre\bin;C:\Windows\Sun\Java\bin;C:\Windows\system32;C:\Windows;C:\Windows\system32;C:\Windows;C:\Windows\System32\Wbem;C:\Windows\System32\WindowsPowerShell\v1.0\;C:\utils\gant-1.9.9\bin;C:\utils\svn-win32-1.8.1\bin;C:\Program Files (x86)\Groovy\Groovy-2.1.6\bin;." />
    <property name="ivy.conf.url" value="jar:file:/C:/Program%20Files%20(x86)/Groovy/Groovy-2.1.6/lib/ivy-2.2.0.jar!/org/apache/ivy/core/settings/ivysettings.xml" />
    <property name="java.vm.name.ivy.instance" value="Java HotSpot(TM) 64-Bit Server VM" />
    <property name="environment.ALLUSERSPROFILE" value="C:\ProgramData" />
    <property name="os.version.ivy.instance" value="6.1" />
    <property name="line.separator.ivy.instance" value="&#xd;&#xa;" />
    <property name="ant.java.version" value="1.7" />
    <property name="sun.desktop.ivy.instance" value="windows" />
    <property name="sun.cpu.endian.ivy.instance" value="little" />
    <property name="java.vm.specification.name.ivy.instance" value="Java Virtual Machine Specification" />
    <property name="basedir" value="c:\code\trunk" />
    <property name="java.class.version" value="51.0" />
    <property name="ivy.settings.url.ivy.instance" value="jar:file:/C:/Program%20Files%20(x86)/Groovy/Groovy-2.1.6/lib/ivy-2.2.0.jar!/org/apache/ivy/core/settings/ivysettings.xml" />
    <property name="sun.boot.class.path.ivy.instance" value="C:\Java\jdk1.7.0_25\jre\lib\resources.jar;C:\Java\jdk1.7.0_25\jre\lib\rt.jar;C:\Java\jdk1.7.0_25\jre\lib\sunrsasign.jar;C:\Java\jdk1.7.0_25\jre\lib\jsse.jar;C:\Java\jdk1.7.0_25\jre\lib\jce.jar;C:\Java\jdk1.7.0_25\jre\lib\charsets.jar;C:\Java\jdk1.7.0_25\jre\lib\jfr.jar;C:\Java\jdk1.7.0_25\jre\classes" />
    <property name="environment.PUBLIC" value="C:\Users\Public" />
    <property name="path.separator.ivy.instance" value=";" />
    <property name="environment.ProgramW6432" value="C:\Program Files" />
    <property name="ivy.resolved.configurations" value="test" />
    <property name="environment.TEMP" value="C:\Users\ADMINI~1.OIO\AppData\Local\Temp\2" />
    <property name="environment.CLIENTNAME" value="SI-CAS" />
    <property name="javax.xml.validation.SchemaFactory" value="org.apache.xerces.jaxp.validation.XMLSchemaFactory" />
    <property name="net.sourceforge.cobertura.datafile" value="target/cobertura.ser" />
    <property name="ivy.deliver.ivy.pattern" value="c:\code\trunk/distrib/[type]s/[artifact]-[revision](-[classifier]).[ext]" />
    <property name="sun.boot.library.path" value="C:\Java\jdk1.7.0_25\jre\bin" />
    <property name="environment.ProgramData" value="C:\ProgramData" />
    <property name="java.library.path.ivy.instance" value="C:\Program Files (x86)\Groovy\Groovy-2.1.6\bin;C:\Windows\Sun\Java\bin;C:\Windows\system32;C:\Windows;C:\Windows\system32;C:\Windows;C:\Windows\System32\Wbem;C:\Windows\System32\WindowsPowerShell\v1.0\;C:\utils\gant-1.9.9\bin;C:\utils\svn-win32-1.8.1\bin;C:\Program Files (x86)\Groovy\Groovy-2.1.6\bin;." />
    <property name="ivy.default.always.check.exact.revision.ivy.instance" value="false" />
    <property name="awt.toolkit.ivy.instance" value="sun.awt.windows.WToolkit" />
    <property name="sun.management.compiler" value="HotSpot 64-Bit Tiered Compilers" />
    <property name="ivy.basedir" value="c:\code\trunk" />
    <property name="java.awt.graphicsenv" value="sun.awt.Win32GraphicsEnvironment" />
    <property name="java.ext.dirs.ivy.instance" value="C:\Java\jdk1.7.0_25\jre\lib\ext;C:\Windows\Sun\Java\lib\ext" />
    <property name="user.variant" value="" />
    <property name="environment.HOMEDRIVE" value="C:" />
    <property name="environment.SVN_HOME" value="C:\utils\svn-win32-1.8.1" />
    <property name="ivy.log.modules.in.use.ivy.instance" value="false" />
    <property name="sun.os.patch.level.ivy.instance" value="Service Pack 1" />
    <property name="file.encoding.pkg.ivy.instance" value="sun.io" />
    <property name="ivy.shared.default.ivy.pattern" value="[organisation]/[module]/[revision]/[type]s/[artifact].[ext]" />
    <property name="ivy.resolver.default.check.modified" value="false" />
    <property name="ivy.settings.file.ivy.instance" value="ivysettings.xml" />
    <property name="ivy.nb.targets.copied" value="44" />
    <property name="environment.ProgramFiles" value="C:\Program Files" />
    <property name="ivy.cache.dir.ivy.instance" value="C:\Users\Administrator.OIOJAVATEST01\.ivy2\cache" />
    <property name="java.vm.specification.version" value="1.7" />
    <property name="ivy.status.ivy.instance" value="integration" />
    <property name="environment.JAVA_HOME" value="C:\Java\jdk1.7.0_25" />
    <property name="awt.toolkit" value="sun.awt.windows.WToolkit" />
    <property name="sun.cpu.isalist" value="amd64" />
    <property name="file.separator.ivy.instance" value="\" />
    <property name="ivy.deps.changed" value="false" />
    <property name="java.ext.dirs" value="C:\Java\jdk1.7.0_25\jre\lib\ext;C:\Windows\Sun\Java\lib\ext" />
    <property name="ivy.local.default.root.ivy.instance" value="C:\Users\Administrator.OIOJAVATEST01\.ivy2/local" />
    <property name="os.version" value="6.1" />
    <property name="user.home" value="C:\Users\Administrator.OIOJAVATEST01" />
    <property name="javax.xml.parsers.DocumentBuilderFactory" value="org.apache.xerces.jaxp.DocumentBuilderFactoryImpl" />
    <property name="java.vm.vendor" value="Oracle Corporation" />
    <property name="ivy.local.default.root" value="C:\Users\Administrator.OIOJAVATEST01\.ivy2/local" />
    <property name="ivy.organisation" value="dk.itst.oiosaml" />
    <property name="environment.CommonProgramFiles(x86)" value="C:\Program Files (x86)\Common Files" />
    <property name="user.dir" value="c:\code\trunk" />
    <property name="ivy.local.default.ivy.pattern" value="[organisation]/[module]/[revision]/[type]s/[artifact].[ext]" />
    <property name="environment.FP_NO_HOST_CHECK" value="NO" />
    <property name="ivy.shared.default.ivy.pattern.ivy.instance" value="[organisation]/[module]/[revision]/[type]s/[artifact].[ext]" />
    <property name="java.vm.info.ivy.instance" value="mixed mode" />
    <property name="script.name.ivy.instance" value="build_everything" />
    <property name="ivy.publish.src.artifacts.pattern" value="c:\code\trunk/distrib/[type]s/[artifact]-[revision](-[classifier]).[ext]" />
    <property name="ivy.distrib.dir" value="c:\code\trunk/distrib" />
    <property name="sun.cpu.endian" value="little" />
    <property name="ivy.revision" value="working@OIOJAVATEST01" />
    <property name="user.timezone.ivy.instance" value="Europe/Paris" />
    <property name="environment.PROCESSOR_REVISION" value="2c02" />
    <property name="environment.GROOVY_HOME" value="C:\Program Files (x86)\Groovy\Groovy-2.1.6" />
    <property name="java.vm.version" value="23.25-b01" />
    <property name="java.class.path" value="c:\code\trunk\target\instrumented;c:\code\trunk\lib\build\commons-codec-commons-codec.jar;c:\code\trunk\lib\build\commons-collections-commons-collections.jar;c:\code\trunk\lib\build\commons-configuration-commons-configuration.jar;c:\code\trunk\lib\build\commons-digester-commons-digester.jar;c:\code\trunk\lib\build\commons-fileupload-commons-fileupload.jar;c:\code\trunk\lib\build\commons-httpclient-commons-httpclient.jar;c:\code\trunk\lib\build\commons-io-commons-io.jar;c:\code\trunk\lib\build\commons-lang-commons-lang.jar;c:\code\trunk\lib\build\commons-logging-commons-logging.jar;c:\code\trunk\lib\build\javax.servlet-servlet-api.jar;c:\code\trunk\lib\build\joda-time-joda-time.jar;c:\code\trunk\lib\build\log4j-log4j.jar;c:\code\trunk\lib\build\org.apache.santuario-xmlsec.jar;c:\code\trunk\lib\build\org.apache.velocity-velocity.jar;c:\code\trunk\lib\build\org.bouncycastle-bcprov-jdk15.jar;c:\code\trunk\lib\build\org.slf4j-slf4j-api.jar;c:\code\trunk\lib\build\org.slf4j-slf4j-log4j12.jar;c:\code\trunk\lib\build\xalan-serializer.jar;c:\code\trunk\lib\build\xalan-xalan.jar;c:\code\trunk\lib\build\xerces-xercesImpl.jar;c:\code\trunk\lib\build\xml-resolver-xml-resolver.jar;c:\code\trunk\lib\endorsed\xalan-2.7.1-serializer.jar;c:\code\trunk\lib\endorsed\xalan-2.7.1.jar;c:\code\trunk\lib\endorsed\xerces-2.9.1-xercesImpl.jar;c:\code\trunk\lib\endorsed\xerces-2.9.1-xml-apis.jar;c:\code\trunk\lib\esapi-2.0GA.jar;c:\code\trunk\lib\log4j-1.2.17.jar;c:\code\trunk\lib\not-yet-commons-ssl-0.3.9.jar;c:\code\trunk\lib\opensaml-2.5.1.jar;c:\code\trunk\lib\openws-1.4.2.jar;c:\code\trunk\lib\test\asm-asm-tree.jar;c:\code\trunk\lib\test\asm-asm.jar;c:\code\trunk\lib\test\commons-codec-commons-codec.jar;c:\code\trunk\lib\test\commons-collections-commons-collections.jar;c:\code\trunk\lib\test\commons-configuration-commons-configuration.jar;c:\code\trunk\lib\test\commons-digester-commons-digester.jar;c:\code\trunk\lib\test\commons-fileupload-commons-fileupload.jar;c:\code\trunk\lib\test\commons-httpclient-commons-httpclient.jar;c:\code\trunk\lib\test\commons-io-commons-io.jar;c:\code\trunk\lib\test\commons-lang-commons-lang.jar;c:\code\trunk\lib\test\commons-logging-commons-logging.jar;c:\code\trunk\lib\test\javax.servlet-servlet-api.jar;c:\code\trunk\lib\test\javax.servlet.jsp-jsp-api.jar;c:\code\trunk\lib\test\joda-time-joda-time.jar;c:\code\trunk\lib\test\junit-junit-dep.jar;c:\code\trunk\lib\test\junit-junit.jar;c:\code\trunk\lib\test\log4j-log4j.jar;c:\code\trunk\lib\test\net.sourceforge.cobertura-cobertura.jar;c:\code\trunk\lib\test\net.sourceforge.cssparser-cssparser.jar;c:\code\trunk\lib\test\net.sourceforge.htmlunit-htmlunit-core-js.jar;c:\code\trunk\lib\test\net.sourceforge.htmlunit-htmlunit.jar;c:\code\trunk\lib\test\net.sourceforge.nekohtml-nekohtml.jar;c:\code\trunk\lib\test\org.apache.santuario-xmlsec.jar;c:\code\trunk\lib\test\org.apache.velocity-velocity.jar;c:\code\trunk\lib\test\org.bouncycastle-bcprov-jdk15.jar;c:\code\trunk\lib\test\org.eclipse.jdt-core.jar;c:\code\trunk\lib\test\org.hamcrest-hamcrest-core.jar;c:\code\trunk\lib\test\org.hamcrest-hamcrest-library.jar;c:\code\trunk\lib\test\org.jmock-jmock-junit4.jar;c:\code\trunk\lib\test\org.jmock-jmock.jar;c:\code\trunk\lib\test\org.mortbay.jetty-jetty-embedded.jar;c:\code\trunk\lib\test\org.mortbay.jetty-jetty-util.jar;c:\code\trunk\lib\test\org.mortbay.jetty-jetty.jar;c:\code\trunk\lib\test\org.mortbay.jetty-jsp-2.1.jar;c:\code\trunk\lib\test\org.mortbay.jetty-jsp-api-2.1.jar;c:\code\trunk\lib\test\org.mortbay.jetty-servlet-api-2.5.jar;c:\code\trunk\lib\test\org.slf4j-slf4j-api.jar;c:\code\trunk\lib\test\org.slf4j-slf4j-log4j12.jar;c:\code\trunk\lib\test\org.w3c.css-sac.jar;c:\code\trunk\lib\test\oro-oro.jar;c:\code\trunk\lib\test\xalan-serializer.jar;c:\code\trunk\lib\test\xalan-xalan.jar;c:\code\trunk\lib\test\xerces-xercesImpl.jar;c:\code\trunk\lib\test\xml-resolver-xml-resolver.jar;c:\code\trunk\lib\xmltooling-1.3.2.jar;c:\code\trunk\target\build;c:\code\trunk\target\test;C:\Program Files (x86)\Groovy\Groovy-2.1.6\lib\junit-4.11.jar;C:\Program Files (x86)\Groovy\Groovy-2.1.6\lib\ant-launcher-1.8.4.jar;C:\Program Files (x86)\Groovy\Groovy-2.1.6\lib\ant-1.8.4.jar;C:\Program Files (x86)\Groovy\Groovy-2.1.6\lib\ant-junit-1.8.4.jar" />
    <property name="ivy.default.ivy.user.dir" value="C:\Users\Administrator.OIOJAVATEST01\.ivy2" />
    <property name="user.home.ivy.instance" value="C:\Users\Administrator.OIOJAVATEST01" />
    <property name="basedir.ivy.instance" value="c:\code\trunk" />
    <property name="os.arch" value="amd64" />
    <property name="environment.GANT_HOME" value="C:\utils\gant-1.9.9" />
    <property name="java.awt.graphicsenv.ivy.instance" value="sun.awt.Win32GraphicsEnvironment" />
    <property name="java.vendor.url.bug.ivy.instance" value="http://bugreport.sun.com/bugreport/" />
    <property name="java.vm.specification.version.ivy.instance" value="1.7" />
    <property name="sun.java.launcher" value="SUN_STANDARD" />
    <property name="environment.HOMEPATH" value="\Users\Administrator.OIOJAVATEST01" />
    <property name="environment.windows_tracing_logfile" value="C:\BVTBin\Tests\installpackage\csilogfile.log" />
    <property name="java.awt.printerjob.ivy.instance" value="sun.awt.windows.WPrinterJob" />
    <property name="ivy.settings.dir.ivy.instance" value="jar:file:/C:/Program%20Files%20(x86)/Groovy/Groovy-2.1.6/lib/ivy-2.2.0.jar!/org/apache/ivy/core/settings" />
    <property name="groovy.starter.conf" value="C:\Program Files (x86)\Groovy\Groovy-2.1.6\conf\groovy-starter.conf" />
    <property name="ivy.resolver.default.check.modified.ivy.instance" value="false" />
    <property name="ant.core.lib" value="C:\Program Files (x86)\Groovy\Groovy-2.1.6\lib\ant-1.8.4.jar" />
    <property name="java.vm.specification.vendor" value="Oracle Corporation" />
    <property name="ivy.settings.dir" value="jar:file:/C:/Program%20Files%20(x86)/Groovy/Groovy-2.1.6/lib/ivy-2.2.0.jar!/org/apache/ivy/core/settings" />
    <property name="environment.PSModulePath" value="C:\Windows\system32\WindowsPowerShell\v1.0\Modules\" />
    <property name="file.separator" value="\" />
    <property name="user.language.ivy.instance" value="en" />
    <property name="ivy.shared.default.artifact.pattern.ivy.instance" value="[organisation]/[module]/[revision]/[type]s/[artifact].[ext]" />
    <property name="user.country.ivy.instance" value="US" />
    <property name="ivy.conf.url.ivy.instance" value="jar:file:/C:/Program%20Files%20(x86)/Groovy/Groovy-2.1.6/lib/ivy-2.2.0.jar!/org/apache/ivy/core/settings/ivysettings.xml" />
    <property name="java.runtime.version" value="1.7.0_25-b17" />
    <property name="java.specification.name.ivy.instance" value="Java Platform API Specification" />
    <property name="sun.boot.class.path" value="lib/endorsed\xalan-2.7.1-serializer.jar;lib/endorsed\xalan-2.7.1.jar;lib/endorsed\xerces-2.9.1-xercesImpl.jar;lib/endorsed\xerces-2.9.1-xml-apis.jar;C:\Java\jdk1.7.0_25\jre\lib\resources.jar;C:\Java\jdk1.7.0_25\jre\lib\rt.jar;C:\Java\jdk1.7.0_25\jre\lib\sunrsasign.jar;C:\Java\jdk1.7.0_25\jre\lib\jsse.jar;C:\Java\jdk1.7.0_25\jre\lib\jce.jar;C:\Java\jdk1.7.0_25\jre\lib\charsets.jar;C:\Java\jdk1.7.0_25\jre\lib\jfr.jar;C:\Java\jdk1.7.0_25\jre\classes" />
    <property name="environment.UATDATA" value="C:\Windows\CCM\UATData\D9F8C395-CAB8-491d-B8AC-179A1FE1BE77" />
    <property name="environment.SystemRoot" value="C:\Windows" />
    <property name="ivy.conf.dir" value="jar:file:/C:/Program%20Files%20(x86)/Groovy/Groovy-2.1.6/lib/ivy-2.2.0.jar!/org/apache/ivy/core/settings" />
    <property name="ivy.retrieve.pattern" value="c:\code\trunk/lib/[artifact]-[revision](-[classifier]).[ext]" />
    <property name="environment.COMPUTERNAME" value="OIOJAVATEST01" />
    <property name="user.country" value="US" />
    <property name="ivy.shared.default.root" value="C:\Users\Administrator.OIOJAVATEST01\.ivy2/shared" />
    <property name="java.version.ivy.instance" value="1.7.0_25" />
    <property name="environment.CommonProgramW6432" value="C:\Program Files\Common Files" />
    <property name="ivy.resolved.file" value="c:\code\trunk\ivy.xml" />
    <property name="environment.=ExitCode" value="00000000" />
    <property name="tools.jar" value="C:\Java\jdk1.7.0_25\lib\tools.jar" />
    <property name="environment.SESSIONNAME" value="RDP-Tcp#0" />
    <property name="os.arch.ivy.instance" value="amd64" />
    <property name="java.vendor" value="Oracle Corporation" />
    <property name="environment.ANT_HOME" value="C:\utils\apache-ant-1.9.2" />
    <property name="environment.ComSpec" value="C:\Windows\system32\cmd.exe" />
    <property name="ivy.project.dir" value="c:\code\trunk" />
    <property name="java.specification.version" value="1.7" />
    <property name="ivy.buildlist.ivyfilepath" value="ivy.xml" />
    <property name="sun.arch.data.model" value="64" />
  </properties>
  <testcase classname="dk.itst.oiosaml.sp.model.OIOResponseTest" name="validateFailOnNoAssertions" time="0.078" />
  <testcase classname="dk.itst.oiosaml.sp.model.OIOResponseTest" name="validateFailOnWrongStatus" time="0.031" />
  <testcase classname="dk.itst.oiosaml.sp.model.OIOResponseTest" name="validateFailOnNoSignatures" time="0.063" />
  <testcase classname="dk.itst.oiosaml.sp.model.OIOResponseTest" name="validateSignatureOnAssertion" time="0.078" />
  <testcase classname="dk.itst.oiosaml.sp.model.OIOResponseTest" name="validatePassiveAllowed" time="0.046" />
  <testcase classname="dk.itst.oiosaml.sp.model.OIOResponseTest" name="testValidateResponse" time="0.016" />
  <testcase classname="dk.itst.oiosaml.sp.model.OIOResponseTest" name="testGetOriginatingIssuerId" time="0.047" />
  <testcase classname="dk.itst.oiosaml.sp.model.OIOResponseTest" name="isPassiveIgnoresOuterStatus" time="0.031" />
  <testcase classname="dk.itst.oiosaml.sp.model.OIOResponseTest" name="validatePassiveNotAllowed" time="0.031" />
  <testcase classname="dk.itst.oiosaml.sp.model.OIOResponseTest" name="testGetAssertion" time="0.016" />
  <testcase classname="dk.itst.oiosaml.sp.model.OIOResponseTest" name="testGetEncryptedAssertion" time="0.249" />
  <testcase classname="dk.itst.oiosaml.sp.model.OIOResponseTest" name="allowUnencryptedAssertion" time="0.047" />
  <testcase classname="dk.itst.oiosaml.sp.model.OIOResponseTest" name="testIsIssuerOK" time="0.031" />
  <testcase classname="dk.itst.oiosaml.sp.model.OIOResponseTest" name="testIsDestinationOK" time="0.047" />
  <testcase classname="dk.itst.oiosaml.sp.model.OIOResponseTest" name="validateFailOnWrongDestination" time="0.016" />
  <testcase classname="dk.itst.oiosaml.sp.model.OIOResponseTest" name="testGetOriginatingShouldFailOnNoAssertions" time="0.031" />
  <testcase classname="dk.itst.oiosaml.sp.model.OIOResponseTest" name="failIfAssertionIsNotEncrypted" time="0.015" />
  <testcase classname="dk.itst.oiosaml.sp.model.OIOResponseTest" name="testEncryptedAssertionWithRetrievalMethod" time="0.141" />
  <testcase classname="dk.itst.oiosaml.sp.model.OIOResponseTest" name="testValidateSignatureAfterDecryption" time="0.093" />
  <system-out><![CDATA[<?xml version="1.0" encoding="UTF-8"?><saml2:EncryptedAssertion xmlns:saml2="urn:oasis:names:tc:SAML:2.0:assertion"><xenc:EncryptedData xmlns:xenc="http://www.w3.org/2001/04/xmlenc#" Id="_5b22b03ff385714301028acb51579a6f" Type="http://www.w3.org/2001/04/xmlenc#Element"><xenc:EncryptionMethod Algorithm="http://www.w3.org/2001/04/xmlenc#aes128-cbc" xmlns:xenc="http://www.w3.org/2001/04/xmlenc#"/><ds:KeyInfo xmlns:ds="http://www.w3.org/2000/09/xmldsig#"><ds:RetrievalMethod Type="http://www.w3.org/2001/04/xmlenc#EncryptedKey" URI="#_5b4a0fdbae254637ba7f7a4e2957cb31"/></ds:KeyInfo><xenc:CipherData xmlns:xenc="http://www.w3.org/2001/04/xmlenc#"><xenc:CipherValue>NQltjJaWa37cYSu5TI8TyAhVqtrBU+dss5oyppUBuwkSOyewvznTBFsB0iVpG+X6gUk3+YK+XDoaKzepGHPGY1tzFPx86NjoHSfaGjNGweWHhNqn9zEkassxJi+bzGio/7z0uOMWSZryAFmBudTIRgZ5uc13a4FjKEWCfE2d8LZP1BWIxZFxXaf6mX4KoWUuwnlcGJlmfOEPEw6vpArEhAvASGnAK1G/MjGGF3pPFp5Es5yvG1z1NcQFQt5ZVcfxfMf7iMEq4tbWfwl4HFWcrJGFYUBjp3YhkL8dKKbO16mb1B4L4jRbcQhlLl622P6zDuVlr5W5bmSusMJQJJ6Etl0kDv4OwBrHzMNZDfujvBzRFEoapim2s7Tj+Xc3WYUPKVCuJTboul315R8vvQpSYul3yQDfrm71t5dbxATF/aerUHifAD7knXjHpeqsXhQLEbRCZ4y01c3ueorqeMC7T5MKxHnf43j3n6bQQmb9Jdi6tSjY6+BFy9EQZXG+R1Q+vpj5HI0imMX67YRGotRld6N8wRUc4FcvFlPlv1vY38uj9vhVSX5iZUgwASsPxPjgxgSnYhEVgYf4bPJqJrM3EgVAHY/01ptzxpF5/mSBbhz0m32JpH+h6oxtKl+7/MFY46H9Q8Ov4zTK23SjKETzUeKnmFJwO8Lbb34K1eNgO/RDfz3NDbLzx3lk+1m9LjF0wHfMip9d+F5VixH5Zk5ZofiobN6vuuJedSypynEKsYN95CjEUbrQJf1DYoMu2YzjAMtgWQE3HGHAIz67bHil5/spymJZbzmkKBSq93UEmMOwsrumDGtgjwDFp8h8rkwVms2V9ImH6ROjb+bpPhT5AiWylxKBX9+UhzDcp4UBntaIS6Tg6DAAz+W6pHSxwnJnuUcRFIUkn5Zfxx8oRNHjrijrW4v+VKiPjxybND4Fw1D+xX+UmO2VW5ZTmNc0Jejx60Qq373G4lP6A55s+ZX7/0CSZefq/XjerZSsjbau5RKtTU7O00srcjOX4v6YDDuhqxPKlWvWMufElxUnTX9J9eEVUeWO177cK9RESw/HkcpmvSk/WSbnEc6n4+tWCx2sf0dLRJxExLmNNe3kTLz6kHjSdq01knrKb5Trtdjzu2pu3R3+LmgVmh+JjN9h6AEoJuGYqgWsvMjeXWlpvMXq58AulDnkv3EaDfbGLou+w8pZhqvZmb2slY5iLHvdsWYU84AY+LXlKDbQs7DSI2eLvQLlPKG1DxITXllDBlG0yQR/DeUSSK6rTWHQXJtrK+wBqNoEnoyWh1/Nh5grVhwP2fg+v/i5+kyXTzckXsOYXU0Ii+rfo0CN1q4RWr1aSNoLr8peHpoxA2aLRa2vnYaVLUBn7CD7x7+nWsa22D99gs4zgNUxAiGMvAg22k6Nz9g8eube1UpJFOwU6tfwHZ1sUwI1xghsYldqDO1JAinifCxPdpJaAl6OCBqrtGkHqiuo5sim4lrv4Q8Fy3tBV8Lvgk1TuILDPMltatmyt4JDcSwj7i7+nOLQOtPM/MphWC6gQUg1rLF0PrNC4Y1jpc6LvuhF6GXEXjvvlESKEGLYwbxpcAYjU5jfvhPPe49Ijik6Wx6uwkHDdzQnl7xGNmvgHg5tWvhyixMnVOFFEavj1TWMDT5Khvq4S0vYGBVJPqMt31uKnFkz/tnsVIhNRuj752wBFnaTYXbF4yLhxLYRJE8Bio4kXsOJ7IirsOiMZ/QQ6q4A2OfwrJRUHrEvfDH6eozikkFEcZ9Q+PtlJJKZ8WlTZ6kvpZJeVeEmk2pmcxjpiCrlrBMzIIRgV2BLo9qp2NlO4Hu7TP/aSPaYLciRcVGvPw8sCEeVGjyEJpQU0x/4ONEHTlad7/bQh8WF2bhxm526nkndSfeS25g4izmLyOyIgPMppfuzq/LeRvcnBW0TKfTHhHM90cFhPMON05jLVXg8kdH3/2vNta4I1laSIh/r7xETd+3d/LgFYzDB2y0v70PyLHr66HXVjLk6qvsUgo6FvjBagJm4URNrgKIzkweWx/uqW48PNR6fr5Ebmf/NtIZNQLiXwQFUSBF6TTlX0PMX3sQmc8gxVgCF3Jl8YaOCKAnpHLJMpyAbXn2ioqMiPX9wR0SWuMqpW8y13XSIJOE+CkXZ4kqN/S9ipltsX8T4LxkzDPm+ZQD48tkAOYMal30FwMlE8EBk8PINvLOy1hAR+W15wSIlyfqeybfmCtDus7begqyIjH5QLPT8Q9+Akj240HngiLnxtee/pig2I6WVluHYV3N+Z11a5ff2xLf6gRWztM1h/e45AFLBBRAZJ8oG/NJS2rO8K6sV3vPTqXoC3372lbB4Kh02xmLoQFpy++I0K6YEYT2hN4IB4EaaFX4N13MYsSb1otr6chgZZmushE8cc6BfraRPt6BzYLLGeGIYMeou56fgTtDpvqVBKV4QjSLF0m9agdYiCr3DGdOGXy5aSWLI9BpIjxHBtiRT412fCsqwx/skvWkmoNRCL04SDC9QL2eQsEiRm0F/Tty+xBDhvCwJzrF9atapFWn4YC9+YwaWDcHtXCbx6RnseGw/wsC0UCnqBkZZJ8jo7nVxLN1+6yRYbC2j90a+loXL4bqlhEZ8bL6bUD9dCww+fmprinhVENFUBe+eBAkMZmb7hKmMs2i6iO45faFKgnuOFPNZAtsx5H2f+xxSWe6Gy2y6QEUw9XjNdI+svdenTm4vOzWC+dzLxWkdEyl1eWqmXg6/LiLI1yK6XjDsYiwyi1f2hxFxLTmq1QnecKi9KPQLE/tBn4ltaFRl3M4oeXt1KuUTFjFwGJO9TYRX4+f9mKwvl21oxslC8i2mAOY75EyoSMCE1CmvYFai0SmRLFKOY7y94QA3KawSzama4XRe87vSDAEiOVFB1TJVADTZPwqSVa9ctNfVAyptTj1/ULH8fy8SwdfWxpVr7CFDWGSv3j6yVY21s2SIv+yZm1NqA+RYwpmkGnC9mqaAIl+bQ1WAV+kiapT0NOpUKYQiOlwHH3aUX1sJqvhIT0tlz+yn431zwvEHo5g6h/+huDp63VJbVsw7mWFpyZuUO+i/sBKN9ycjB55RlF4PNclQ7YE9Fnej4VOea1Q8cnAbUDH+Gmsj9hybxZ3f6R0We+LmgeYXeIPlwkMAWKgkOQe/TRO4OWTbG7NchvW/rAxe/tmT+fEPqXO2Ya4L7BuHqEKpBd0ZhXeUCJkeE1AbIVDXEZdwWshhT12nBEA0KyQqldB4elBMPWr1fHOsCWEkRE444AY6LBrxGh+U7HXUfZeaP9eu/OVvrYTMUC5ZDeFPhxBvO454QvuTpfyWUdFjUXHdxWCkw8XKbtnH471ex8mWBiWTtQ6PBwGjn+2d1N1HCtVNovE6kuXomgOrWJYEHy3FgVQhk8re0hTJaVdGMGQAA0xw+KoPQ9NqYl8smeDr68AVrLiR9NjUDyiYw1DPWjN9KCPSR+4SioOGy9LKDIbhpI6brtI2QN7WK2PR7X8/hw+x8268oFzrg0dc1Jn9gJkhyTaMgLyOvUIxw1z9XL4mI/hn1Ks8ijLs+e8UorFwYzZcJEDK+tMDv+eAV7+55QhH8Jeg6xdHCTppnOXFdgTpPG13Xxbaa4yzY/5eDEM7GnstlQkopr6lIKdn0/9M6DtmxNQ0/aMDf1bufX4V7WkXNJKqWyR28yh02y/uYh5GlqTUMkCqBDTQjWgfsk8mDhOBCfEBB++W+Yq6oZI2BmC0t3Fxb9Gz6+U6WGI8iBpB93cFR8NNT4/ZZZBJAbyiFGHF54mQWctsssGd4K5raRJTlNQG5sINX13LBbYJp0K/X1MoDpATobmS2ED34YhYXLWNFAsP29MIwEuCpf9ye7p2Yqk8VIC/Hs5my7Cc/CddQzhwqPBQoXZodond7Mm8WBtlBVvKedBZZ7Z07cHzVgSWUMWewfTNEAet74YslTWqnKfE7jd+wQrt/ZJIpnkO8jyj9tndYrVELeFTjyjBczAsx3gVYUYd7I40gROLkWZWmNMbAkYK1Fp4fUuD/mGe82yiVgl6foMlGHnskO80iZgtXTqFyMLbB+bvUzcu804D3mtL4HtiCbT6rolTxoEk6PJhA8Q9BwW968pcpVmVn2AyRiiOhj+m+bAtmTiMwI6OgVlOf64elqyM40kPFEIhd/Yn5UII8isPLSfkUVxhryLk/QBvwHqcs8yfa6lk3BX5RYwFT4r2cewv4+8MfChsG5qAt6+/vB/j73BYB0wE0kQee9H03/gzbiC0r5v7U0XiEXdMpGFOa63N5aDcjvY5CLngwOu6pWQT+fckAjWTt4cQy/7wQxj50LpRG0lNdFr/GYCsFVizDLihubUjK4bJIhzQjUhFBipz17LPcnJs4Wk+WUqyPNFzyygo2LRS508Llu8BGMqaYqRk89G47bXZ+Pevjkkw5x5yyPj8FMq+M5OZ0T3b3RL7OW+KsJvnUxUUy1Za10nfaMzk5WtpYmIIRZ1pYEvkOjlS/AWgxytL++vyMiWgZsGPjQ/PMZXnbNC9o79G1TaHfcoKf/iMB9LKlFm5iOyIF0WYgQ7wLNijlpvC6mriJmi4DqZmD+9O7FgNOcW/OhbYbMdRYnb3O7oPagMlGnxrOrtrotA8S3dc0JirMwOUmn9HnO4uAXTEc2ZEq2na8MWkdmCRV0dXN14bT7quIv/+smjFk1OiacKCiN1IdfYFrxxJ44cQE8TopbWhNOM/fuQ/UPjJtDURxIyKIbOeD6Lcc3GOj7/TsZnY4hKn7SLym0KP9qn/JA8HUmpsEEHg84XkoUnfzlDcc8dUjHjGwhoRg1cW4fmSr+ImawmtM7XMJTE+v7B+8eBV7ONUdLCqJbYsQ6E7SvTnl/Fk4uQkZ2yTRV2X/SrgRj0Px7VGIO9TKSzuUWGWgCFB+pbVTSlnsiauFl2Oxoi8WbHCGMdjAWv6SnSNdsJB3UHzUVBhUT6WhtEquLHchFfMQVJAySrsAYwcrPhdPWuvzAfv8rUPc9niMN0phO4KLXaBSlNNt/vJnbVajAatDk+xc3X6GY5HKIP2udss71HYvOBi73n6bMrm3RyKKbUVMy5MPyDogqigyhoPOPsJXRcgXaEGRank9QU3yjItO3xvuj56WNvtxMhqzG0jkRRvtegkrNBLIQ/pWTErLMLfjsW9C+BIM0Ro18cGoEsQc9hjuoVB/IW6BjuFV0a+1ZEFK1OdaxIkDWX6aDiTDg50GWCm97cIQTnkGl6N8C6ibAQMI51emuTBy1Nkqsp3z6Q+OI0LaiLU7BvTDau4EKvHYBcGixlHGgPC9YCQPFwopwkeu41Pf4v2y8eYt/jlwIc4LKrFdDl5rapcS4qbombH3cSdJUGvOR0uW8I401CeR9TSlw62ms71JflpL9Xr2gRfiK+6yrdBb4AzIKJWzK58yZPyzJQvOgMYCGYUzMYir2YNHtuZjIX7ThEY9AQ4e7tJsSgf1pS1sIMajZkHVtmyrbQtjZYqntJjAZ88lpu+2b57SGRYCcl7Vhpiqkxh5dzKQ68vDsesRSk+QsHqY7fTSi6PEa1WdscRLUy+fUrHRS5VP3S3EXoNroqNFunpKL5r45jSYq/8pdpLtmYnLa/R8rachrVVaySKxnFJQSFqXBoO94Huc+tg9NbkvKhwgFYcXh71b4Qqyk9naFC/JxsqI4x+XSq4m+Yj9Dq7xpnmbcJsO9xjDSmAPIRUE5R1NEmjS+alwf/6/13Gp93/Uh+sl94bUW0ahe7L/WROEXhe3G2VVucHyTYXLm3MB6YhPZTtq9CUd5zg9FYILN1OV9yrJvocVZRJGI3bNviNQ+pUBBHbk2hdhwyERZKndx44SY1oB3VZRtssXwTRzUUvrDxuT7saf+zk1hywJZMSjR7ULkrtex+YIWIkM+9N9tqm4g1O++qjN6Iy93mMDGM9mdNc59dz9xvGvK1b2dC+SMPulRod+5CmENOFTGcSEH3dCa/7VYPIKdNzYVg0qF3YRo4QVELg9mlae2/RexGjijz/quBEBKjeFJw1mKc8e6SChbDYOnR1vbHn5jKu3G3m5UaW2m9kAun5ZsGue/VLdRaqnZy1ZAcPG1WBUSmJ0YA2iW8YBZkvRhqIKEIRItI2qMiQ5j3KUeRkv9OxfaenTBaz6VUqeZWkGLsx1UZ4EZ0AGNecwJtOFXY44q4F+siHaZ04SnIJSa68T6qJeQoW1hoQxw7OR4bC7pMjCcMmmdXSQhgj7x3npUJUh7vuKvFJBdGg7j8DHJcjb8x7Ou4ptgkMON7rvX59+vQEF3MPBH1B2Rog+3S7aqwSXyrYevNMaHofhDi4tWdZO0I8jURNS4yzG/kVkCDC+7QdKPZwo05eXvKNxS0Qm37Psprn+qsbgPunI6s2wCnbsWhGlgepD8186ukm2mDJvXoLs+5ANqHDopFy1lRgA482IbbVZ3sohBdrTSNyiLx1D9YOHKjOGvGbUNkN7xYDg19CiBltsEz2EXs/qaHuVkFLZ7+gE7rdaTO+30MJ0eVy+eX4HfBAGDD+GZPiF27DT1XXmVFwoC1BX+2poS/7TBB3ISvzjs2Q/+RnU1RvyXmK+0YonoCzPDb0qsAlRI/B3iaFv5h1G2HkZBsFdjefvuPSP+03ao3SzkldznnvHd8oOiabD4KlU+023Np0taegF3+EqZEEyYCAVaBqwbUqF9vkIdnp5nKHNV3WO3laO8T8Ep9S2xL89pSnZEu2ScHPSLlcUnuKtRcjVJWZfS6xsIjYXn3Rmg==</xenc:CipherValue></xenc:CipherData></xenc:EncryptedData><xenc:EncryptedKey xmlns:xenc="http://www.w3.org/2001/04/xmlenc#" Id="_5b4a0fdbae254637ba7f7a4e2957cb31"><xenc:EncryptionMethod Algorithm="http://www.w3.org/2001/04/xmlenc#rsa-1_5" xmlns:xenc="http://www.w3.org/2001/04/xmlenc#"/><xenc:CipherData xmlns:xenc="http://www.w3.org/2001/04/xmlenc#"><xenc:CipherValue>lF/s1Osjp8/J6m3+iJJZ2QfmpEvm9mqayKbVvZQERqiFXg7bxbqJhjLqYCzL++lZI6dpiE7SVoeIBfofUwlX1w==</xenc:CipherValue></xenc:CipherData><xenc:ReferenceList><xenc:DataReference URI="#_5b22b03ff385714301028acb51579a6f"/></xenc:ReferenceList></xenc:EncryptedKey></saml2:EncryptedAssertion>
]]></system-out>
  <system-err><![CDATA[]]></system-err>
</testsuite>
